  Source.cpp
c:\users\dgkar\documents\cvpluginsoucecode\project5\source.cpp(14): warning C4305: 'initializing': truncation from 'double' to 'float'
c:\users\dgkar\documents\cvpluginsoucecode\project5\source.cpp(109): warning C4267: '=': conversion from 'size_t' to 'int', possible loss of data
c:\users\dgkar\documents\cvpluginsoucecode\project5\source.cpp(131): warning C4244: '=': conversion from 'float' to 'long', possible loss of data
c:\users\dgkar\documents\cvpluginsoucecode\project5\source.cpp(132): warning C4244: '=': conversion from 'float' to 'long', possible loss of data
c:\users\dgkar\documents\cvpluginsoucecode\project5\source.cpp(133): warning C4244: '=': conversion from 'float' to 'int', possible loss of data
c:\users\dgkar\documents\cvpluginsoucecode\project5\source.cpp(137): warning C4244: '=': conversion from 'double' to 'int', possible loss of data
c:\users\dgkar\documents\cvpluginsoucecode\project5\source.cpp(155): warning C4244: '=': conversion from 'float' to 'int', possible loss of data
c:\users\dgkar\documents\cvpluginsoucecode\project5\source.cpp(156): warning C4244: '=': conversion from 'float' to 'int', possible loss of data
c:\users\dgkar\documents\cvpluginsoucecode\project5\source.cpp(162): warning C4244: '=': conversion from 'double' to 'int', possible loss of data
c:\users\dgkar\documents\cvpluginsoucecode\project5\source.cpp(163): warning C4244: '=': conversion from 'double' to 'int', possible loss of data
c:\users\dgkar\documents\cvpluginsoucecode\project5\source.cpp(165): warning C4244: '=': conversion from 'double' to 'int', possible loss of data
c:\users\dgkar\documents\cvpluginsoucecode\project5\source.cpp(166): warning C4244: '=': conversion from 'double' to 'int', possible loss of data
c:\users\dgkar\documents\cvpluginsoucecode\project5\source.cpp(168): warning C4244: '=': conversion from 'double' to 'int', possible loss of data
c:\users\dgkar\documents\cvpluginsoucecode\project5\source.cpp(169): warning C4244: '=': conversion from 'double' to 'int', possible loss of data
c:\users\dgkar\documents\cvpluginsoucecode\project5\source.cpp(173): warning C4244: 'argument': conversion from 'double' to 'int', possible loss of data
c:\users\dgkar\documents\cvpluginsoucecode\project5\source.cpp(220): warning C4244: '=': conversion from 'double' to 'int', possible loss of data
c:\users\dgkar\documents\cvpluginsoucecode\project5\source.cpp(293): warning C4244: '=': conversion from 'int' to 'float', possible loss of data
c:\users\dgkar\documents\cvpluginsoucecode\project5\source.cpp(425): warning C4244: '=': conversion from 'double' to 'int', possible loss of data
  Project5.vcxproj -> C:\Users\dgkar\Documents\cvPluginSouceCode\x64\Debug\Project5.exe
  Project5.vcxproj -> C:\Users\dgkar\Documents\cvPluginSouceCode\x64\Debug\Project5.pdb (Partial PDB)
